libaa1
libaccountsservice0
libacl1
libappindicator1
libappindicator3-1
libapt-inst1.4
libapt-pkg4.12
libarchive12
libart-2.0-2
libasn1-8-heimdal
libasound2
libasound2-plugins
libaspell15
libasyncns0
libatasmart4
libatk-adaptor
libatk-adaptor-schemas
libatk1.0-0
libatk1.0-data
libatkmm-1.6-1
libatspi2.0-0
libattr1
libaudio2
libavahi-client3
libavahi-common-data
libavahi-common3
libavahi-core7
libavahi-glib1
libavahi-gobject0
libavahi-ui-gtk3-0
libavc1394-0
libbamf0
libbamf3-0
libbind9-80
libblkid1
libbluetooth3
libboost-serialization1.46.1
libbrasero-media3-1
libbrlapi0.5
libbsd0
libburn4
libbz2-1.0
libc-bin
libc-dev-bin
libc6
libc6-dev
libcaca0
libcairo-gobject2
libcairo-perl
libcairo2
libcairomm-1.0-1
libcamel-1.2-29
libcanberra-gtk-module
libcanberra-gtk0
libcanberra-gtk3-0
libcanberra-gtk3-module
libcanberra-pulse
libcanberra0
libcap-ng0
libcap2
libcap2-bin
libcdio-cdda1
libcdio-paranoia1
libcdio13
libcdparanoia0
libck-connector0
libclass-isa-perl
libcmis-0.2-0
libcolord1
libcomerr2
libcompizconfig0
libcroco3
libcrypt-passwdmd5-perl
libcryptsetup4
libcups2
libcupscgi1
libcupsdriver1
libcupsfilters1
libcupsimage2
libcupsmime1
libcupsppdc1
libcurl3
libcurl3-gnutls
libcurl3-nss
libdaemon0
libdatrie1
libdb5.1
libdbus-1-3
libdbus-glib-1-2
libdbusmenu-glib4
libdbusmenu-gtk3-4
libdbusmenu-gtk4
libdbusmenu-qt2
libdconf-dbus-1-0
libdconf-qt0
libdconf0
libdebconfclient0
libdebian-installer4
libdecoration0
libdee-1.0-4
libdevmapper-event1.02.1
libdevmapper1.02.1
libdiscid0
libdjvulibre-text
libdjvulibre21
libdmapsharing-3.0-2
libdmraid1.0.0.rc16
libdns81
libdotconf1.0
libdrm-intel1
libdrm-nouveau1a
libdrm-radeon1
libdrm2
libdv4
libebackend-1.2-1
libebook-1.2-12
libecal-1.2-10
libecryptfs0
libedata-book-1.2-11
libedata-cal-1.2-13
libedataserver-1.2-15
libedataserverui-3.0-1
libedit2
libelf1
libenchant1c2a
libespeak1
libevent-2.0-5
libevince3-3
libexempi3
libexif12
libexiv2-11
libexpat1
libexttextcat-data
libexttextcat0
libfarstream-0.1-0
libffi6
libfile-basedir-perl
libfile-copy-recursive-perl
libfile-desktopentry-perl
libfile-mimeinfo-perl
libflac8
libfolks-eds25
libfolks-telepathy25
libfolks25
libfontconfig1
libfontenc1
libfreerdp-plugins-standard
libfreerdp1
libfreetype6
libfribidi0
libfs6
libfuse2
libgail-3-0
libgail-common
libgail18
libgcc1
libgck-1-0
libgconf-2-4
libgconf2-4
libgcr-3-1
libgcr-3-common
libgcrypt11
libgd2-xpm
libgdata-common
libgdata13
libgdbm3
libgdk-pixbuf2.0-0
libgdk-pixbuf2.0-common
libgdu-gtk0
libgdu0
libgee2
libgeoclue0
libgeoip1
libgexiv2-1
libgirepository-1.0-1
libgksu2-0
libgl1-mesa-dri
libgl1-mesa-glx
libglapi-mesa
libglew1.6
libglewmx1.6
libglib-perl
libglib2.0-0
libglib2.0-bin
libglib2.0-data
libglibmm-2.4-1c2a
libglu1-mesa
libgmime-2.6-0
libgmp10
libgnome-bluetooth8
libgnome-control-center1
libgnome-desktop-3-2
libgnome-keyring-common
libgnome-keyring0
libgnome-media-profiles-3.0-0
libgnome-menu-3-0
libgnome-menu2
libgnome2-common
libgnomekbd-common
libgnomekbd7
libgnutls26
libgoa-1.0-0
libgoa-1.0-common
libgomp1
libgpg-error0
libgpgme11
libgphoto2-2
libgphoto2-l10n
libgphoto2-port0
libgpm2
libgpod-common
libgpod4
libgrip0
libgs9
libgs9-common
libgssapi-krb5-2
libgssapi3-heimdal
libgssdp-1.0-3
libgstreamer-plugins-base0.10-0
libgstreamer0.10-0
libgtk-3-0
libgtk-3-bin
libgtk-3-common
libgtk2-perl
libgtk2.0-0
libgtk2.0-bin
libgtk2.0-common
libgtkmm-2.4-1c2a
libgtkmm-3.0-1
libgtksourceview-3.0-0
libgtksourceview-3.0-common
libgtkspell-3-0
libgtop2-7
libgtop2-common
libgucharmap-2-90-7
libgudev-1.0-0
libgupnp-1.0-4
libgupnp-igd-1.0-4
libgutenprint2
libgweather-3-0
libgweather-common
libgwibber-gtk2
libgwibber2
libhcrypto4-heimdal
libheimbase1-heimdal
libheimntlm0-heimdal
libhpmud0
libhunspell-1.3-0
libhx509-5-heimdal
libhyphen0
libibus-1.0-0
libical0
libice6
libicu48
libidl-common
libidl0
libidn11
libido3-0.1-0
libiec61883-0
libieee1284-3
libijs-0.35
libimobiledevice2
libindicate-gtk3
libindicate5
libindicator-messages-status-provider1
libindicator3-7
libindicator7
libisc83
libisccc80
libisccfg82
libisofs6
libiw30
libjack-jackd2-0
libjasper1
libjavascriptcoregtk-3.0-0
libjbig2dec0
libjpeg-turbo8
libjpeg8
libjs-jquery
libjson-glib-1.0-0
libjson0
libjte1
libk5crypto3
libkeyutils1
libklibc
libkpathsea5
libkrb5-26-heimdal
libkrb5-3
libkrb5support0
liblaunchpad-integration-3.0-1
liblaunchpad-integration-common
liblcms1
liblcms2-2
libldap-2.4-2
liblightdm-gobject-1-0
liblircclient0
libllvm3.0
liblocale-gettext-perl
liblockfile-bin
liblockfile1
liblouis-data
liblouis2
libltdl7
liblua5.1-0
liblvm2app2.2
liblwres80
liblzma5
libmagic1
libmeanwhile1
libmetacity-private0
libmhash2
libminiupnpc8
libmission-control-plugins0
libmng1
libmount1
libmpc2
libmpfr4
libmtdev1
libmtp-common
libmtp-runtime
libmtp9
libmusicbrainz3-6
libmythes-1.2-0
libnautilus-extension1a
libncurses5
libncursesw5
libneon27-gnutls
libnetfilter-conntrack3
libnettle4
libnewt0.52
libnfnetlink0
libnice10
libnih-dbus1
libnih1
libnl-3-200
libnl-genl-3-200
libnl-route-3-200
libnm-glib-vpn1
libnm-glib4
libnm-gtk-common
libnm-gtk0
libnm-util2
libnotify-bin
libnotify4
libnspr4
libnss-mdns
libnss3
libnss3-1d
libnux-2.0-0
libnux-2.0-common
liboauth0
libogg0
libopencc1
libopenobex1
liborbit2
liborc-0.4-0
liboverlay-scrollbar-0.2-0
liboverlay-scrollbar3-0.2-0
libp11-kit0
libpackagekit-glib2-14
libpam-cap
libpam-ck-connector
libpam-gnome-keyring
libpam-modules
libpam-modules-bin
libpam-runtime
libpam0g
libpango-perl
libpango1.0-0
libpangomm-1.4-1
libpaper-utils
libpaper1
libparted0debian1
libpcap0.8
libpci3
libpciaccess0
libpcre3
libpcsclite1
libpeas-1.0-0
libpeas-common
libperl5.14
libpipeline1
libpixman-1-0
libplist1
libplymouth2
libpng12-0
libpolkit-agent-1-0
libpolkit-backend-1-0
libpolkit-gobject-1-0
libpoppler-glib8
libpoppler19
libpopt0
libportaudio2
libprotobuf7
libprotoc7
libproxy1
libproxy1-plugin-gsettings
libproxy1-plugin-networkmanager
libpth20
libpulse-mainloop-glib0
libpulse0
libpulsedsp
libpurple-bin
libpurple0
libpython2.7
libqt4-dbus
libqt4-declarative
libqt4-network
libqt4-opengl
libqt4-script
libqt4-sql
libqt4-sql-sqlite
libqt4-svg
libqt4-xml
libqt4-xmlpatterns
libqtbamf1
libqtcore4
libqtdee2
libqtgconf1
libqtgui4
libquadmath0
libquvi-scripts
libquvi7
libraptor2-0
librasqal3
libraw1394-11
libraw5
librdf0
libreadline5
libreadline6
librest-0.7-0
librhythmbox-core5
libroken18-heimdal
librsvg2-2
librsvg2-common
librsync1
librtmp0
libsamplerate0
libsane
libsane-common
libsane-hpaio
libsasl2-2
libsasl2-modules
libsdl1.2debian
libselinux1
libsensors4
libsgutils2-2
libshout3
libsigc++-2.0-0c2a
libslang2
libslp1
libsm6
libsmbclient
libsndfile1
libsnmp-base
libsnmp15
libsonic0
libsoup-gnome2.4-1
libsoup2.4-1
libspectre1
libspeechd2
libspeex1
libspeexdsp1
libsqlite3-0
libss2
libssh-4
libssl1.0.0
libstartup-notification0
libstdc++6
libswitch-perl
libsyncdaemon-1.0-1
libsysfs2
libt1-5
libtag1-vanilla
libtag1c2a
libtalloc2
libtasn1-3
libtdb1
libtelepathy-farstream2
libtelepathy-glib0
libtelepathy-logger2
libtext-charwidth-perl
libtext-iconv-perl
libtext-wrapi18n-perl
libthai-data
libthai0
libtheora0
libtiff4
libtimezonemap1
libtinfo5
libtotem-plparser17
libtotem0
libubuntuoneui-3.0-1
libudev0
libunique-3.0-0
libunity-2d-private0
libunity-core-5.0-5
libunity-misc4
libunity9
libupower-glib1
libusb-0.1-4
libusb-1.0-0
libusbmuxd1
libutempter0
libutouch-evemu1
libutouch-frame1
libutouch-geis1
libutouch-grail1
libuuid-perl
libuuid1
libv4l-0
libv4lconvert0
libvisual-0.4-0
libvisual-0.4-plugins
libvncserver0
libvorbis0a
libvorbisenc2
libvorbisfile3
libvte-2.90-9
libvte-2.90-common
libwacom-common
libwacom2
libwavpack1
libwbclient0
libwebkitgtk-3.0-0
libwebkitgtk-3.0-common
libwind0-heimdal
libwmf0.2-7
libwmf0.2-7-gtk
libwnck-3-0
libwnck-3-common
libwnck-common
libwnck22
libwpd-0.9-9
libwpg-0.2-2
libwps-0.2-2
libwrap0
libx11-6
libx11-data
libx11-xcb1
libx86-1
libxapian22
libxatracker1
libxau6
libxaw7
libxcb-dri2-0
libxcb-glx0
libxcb-render0
libxcb-shape0
libxcb-shm0
libxcb-util0
libxcb1
libxcomposite1
libxcursor1
libxdamage1
libxdmcp6
libxext6
libxfixes3
libxfont1
libxft2
libxi6
libxinerama1
libxkbfile1
libxklavier16
libxml2
libxmu6
libxmuu1
libxp6
libxpm4
libxrandr2
libxrender1
libxres1
libxslt1.1
libxt6
libxtst6
libxv1
libxvmc1
libxxf86dga1
libxxf86vm1
libyajl1
libyaml-tiny-perl
libyelp0
libzeitgeist-1.0-1
libzephyr4
